<?xml version="1.0" encoding="UTF-8"?>
<testng-results ignored="0" total="2" passed="2" failed="0" skipped="0">
  <reporter-output>
  </reporter-output>
  <suite started-at="2025-01-17T00:19:23 EST" name="Suite" finished-at="2025-01-17T00:21:15 EST" duration-ms="111386">
    <groups>
    </groups>
    <test started-at="2025-01-17T00:19:23 EST" name="Test" finished-at="2025-01-17T00:21:15 EST" duration-ms="111386">
      <class name="com.luma.pageTest.CustomerLoginTest">
        <test-method is-config="true" signature="launchSite()[pri:0, instance:com.luma.pageTest.CustomerLoginTest@33bc72d1]" started-at="2025-01-17T00:19:45 EST" name="launchSite" finished-at="2025-01-17T00:20:44 EST" duration-ms="58924" status="PASS">
          <reporter-output>
          </reporter-output>
        </test-method> <!-- launchSite -->
        <test-method signature="cstmrLogin()[pri:0, instance:com.luma.pageTest.CustomerLoginTest@33bc72d1]" started-at="2025-01-17T00:20:44 EST" name="cstmrLogin" finished-at="2025-01-17T00:21:14 EST" duration-ms="29446" status="PASS">
          <reporter-output>
          </reporter-output>
        </test-method> <!-- cstmrLogin -->
        <test-method is-config="true" signature="tearDown()[pri:0, instance:com.luma.pageTest.CustomerLoginTest@33bc72d1]" started-at="2025-01-17T00:21:14 EST" name="tearDown" finished-at="2025-01-17T00:21:15 EST" duration-ms="1020" status="PASS">
          <reporter-output>
          </reporter-output>
        </test-method> <!-- tearDown -->
      </class> <!-- com.luma.pageTest.CustomerLoginTest -->
      <class name="com.luma.pageTest.HomePageTest">
        <test-method is-config="true" signature="launchSite()[pri:0, instance:com.luma.pageTest.HomePageTest@273444fe]" started-at="2025-01-17T00:19:24 EST" name="launchSite" finished-at="2025-01-17T00:19:36 EST" duration-ms="12767" status="PASS">
          <reporter-output>
          </reporter-output>
        </test-method> <!-- launchSite -->
        <test-method signature="verifyCreateAccountLinkOnHomePage()[pri:0, instance:com.luma.pageTest.HomePageTest@273444fe]" started-at="2025-01-17T00:19:36 EST" name="verifyCreateAccountLinkOnHomePage" finished-at="2025-01-17T00:19:44 EST" duration-ms="7519" status="PASS">
          <reporter-output>
          </reporter-output>
        </test-method> <!-- verifyCreateAccountLinkOnHomePage -->
        <test-method is-config="true" signature="tearDown()[pri:0, instance:com.luma.pageTest.HomePageTest@273444fe]" started-at="2025-01-17T00:19:44 EST" name="tearDown" finished-at="2025-01-17T00:19:45 EST" duration-ms="1363" status="PASS">
          <reporter-output>
          </reporter-output>
        </test-method> <!-- tearDown -->
      </class> <!-- com.luma.pageTest.HomePageTest -->
    </test> <!-- Test -->
  </suite> <!-- Suite -->
</testng-results>
