<?xml version="1.0" encoding="UTF-8"?>
<testng-results ignored="0" total="1" passed="1" failed="0" skipped="0">
  <reporter-output>
  </reporter-output>
  <suite started-at="2025-01-06T10:41:51 EST" name="Default suite" finished-at="2025-01-06T10:42:53 EST" duration-ms="61539">
    <groups>
    </groups>
    <test started-at="2025-01-06T10:41:51 EST" name="Default test" finished-at="2025-01-06T10:42:53 EST" duration-ms="61539">
      <class name="com.luma.pageTest.HomePageTest">
        <test-method is-config="true" signature="launchSite()[pri:0, instance:com.luma.pageTest.HomePageTest@2a7f1f10]" started-at="2025-01-06T10:41:52 EST" name="launchSite" finished-at="2025-01-06T10:42:40 EST" duration-ms="48664" status="PASS">
          <reporter-output>
          </reporter-output>
        </test-method> <!-- launchSite -->
        <test-method signature="verifyCreateAccountLinkOnHomePage()[pri:0, instance:com.luma.pageTest.HomePageTest@2a7f1f10]" started-at="2025-01-06T10:42:40 EST" name="verifyCreateAccountLinkOnHomePage" finished-at="2025-01-06T10:42:53 EST" duration-ms="12674" status="PASS">
          <reporter-output>
          </reporter-output>
        </test-method> <!-- verifyCreateAccountLinkOnHomePage -->
      </class> <!-- com.luma.pageTest.HomePageTest -->
    </test> <!-- Default test -->
  </suite> <!-- Default suite -->
</testng-results>
